     Welcome to PDBETA

Date :  May 17, 2021
Title:  Normal mode analysis: 1hvr
INPUT file :  C:\Users\smith\Documents\work\csc334\enm-nma\data\1hvr_out\1hvr.mol
OUTPUT file :  C:\Users\smith\Documents\work\csc334\enm-nma\data\1hvr_out\1hvr-note.txt
No of modes used in the calculation :      5
Interaction parameters
 1-4 interactions :         1.000       5.000     100.000
 1-5 interactions :         1.000       5.000     100.000
 Chemical bonds treated with a loop-closing :       100.000
Temperature adjustment:  Set to mean displacements of atoms       0.500 A
OUTPUT file :  C:\Users\smith\Documents\work\csc334\enm-nma\data\1hvr_out\1hvr.flcatmA
OUTPUT file :  C:\Users\smith\Documents\work\csc334\enm-nma\data\1hvr_out\1hvr.crratmA
Option for correlations between atoms  : 1

TITLE     RATIONAL DESIGN OF POTENT, BIOAVAILABLE, NONPEPTIDE CYCLIC UREAS AS   

NUMVAR, NUMATM, NUMVAR2, NUMATM2:    461   755   455   750
NUMSS:      0
NINT:       0
MSTC:       2
NCHAIN:     2

Computation <Fluctuation of atoms> is completed.
Computation <Correlation between atoms> is completed.

Animation  :   No. of frames= 11,   Mean displacements=    0.50

Mode No.   :    1
OUTPUT file :  C:\Users\smith\Documents\work\csc334\enm-nma\data\1hvr_out\1hvr_1.flcatmE
OUTPUT file :  C:\Users\smith\Documents\work\csc334\enm-nma\data\1hvr_out\1hvr_1-anm.pdb
Computation <Atoms> is completed.
Computation <Animation data for jV and Jmol> is completed.

Mode No.   :    2
OUTPUT file :  C:\Users\smith\Documents\work\csc334\enm-nma\data\1hvr_out\1hvr_2.flcatmE
OUTPUT file :  C:\Users\smith\Documents\work\csc334\enm-nma\data\1hvr_out\1hvr_2-anm.pdb
Computation <Atoms> is completed.
Computation <Animation data for jV and Jmol> is completed.

Mode No.   :    3
OUTPUT file :  C:\Users\smith\Documents\work\csc334\enm-nma\data\1hvr_out\1hvr_3.flcatmE
OUTPUT file :  C:\Users\smith\Documents\work\csc334\enm-nma\data\1hvr_out\1hvr_3-anm.pdb
Computation <Atoms> is completed.
Computation <Animation data for jV and Jmol> is completed.

Mode No.   :    4
OUTPUT file :  C:\Users\smith\Documents\work\csc334\enm-nma\data\1hvr_out\1hvr_4.flcatmE
OUTPUT file :  C:\Users\smith\Documents\work\csc334\enm-nma\data\1hvr_out\1hvr_4-anm.pdb
Computation <Atoms> is completed.
Computation <Animation data for jV and Jmol> is completed.

Mode No.   :    5
OUTPUT file :  C:\Users\smith\Documents\work\csc334\enm-nma\data\1hvr_out\1hvr_5.flcatmE
OUTPUT file :  C:\Users\smith\Documents\work\csc334\enm-nma\data\1hvr_out\1hvr_5-anm.pdb
Computation <Atoms> is completed.
Computation <Animation data for jV and Jmol> is completed.

Successfully finished!!
